<?xml version="1.0" encoding="UTF-8"?>
<testng-results total="1" passed="1" failed="0" skipped="0">
  <reporter-output>
  </reporter-output>
  <suite started-at="2022-06-16T04:15:00Z" name="FedExCILSuite" finished-at="2022-06-16T04:16:19Z" duration-ms="78991">
    <groups>
    </groups>
    <test started-at="2022-06-16T04:15:00Z" name="FedExCILOrderCreation" finished-at="2022-06-16T04:16:19Z" duration-ms="78991">
      <class name="fedexCILStaging.FedExCILOrderCreation">
        <test-method is-config="true" signature="login()[pri:0, instance:fedexCILStaging.FedExCILOrderCreation@7fd7a283]" started-at="2022-06-16T09:45:00Z" name="login" finished-at="2022-06-16T09:45:15Z" duration-ms="14283" status="PASS">
          <reporter-output>
          </reporter-output>
        </test-method> <!-- login -->
        <test-method signature="fedEXCILOrder()[pri:0, instance:fedexCILStaging.FedExCILOrderCreation@7fd7a283]" started-at="2022-06-16T09:45:15Z" name="fedEXCILOrder" finished-at="2022-06-16T09:46:19Z" duration-ms="64654" status="PASS">
          <reporter-output>
          </reporter-output>
        </test-method> <!-- fedEXCILOrder -->
        <test-method is-config="true" signature="Complete()[pri:0, instance:fedexCILStaging.FedExCILOrderCreation@7fd7a283]" started-at="2022-06-16T09:46:19Z" name="Complete" finished-at="2022-06-16T09:46:19Z" duration-ms="34" status="PASS">
          <reporter-output>
          </reporter-output>
        </test-method> <!-- Complete -->
        <test-method is-config="true" signature="SendEmail()[pri:0, instance:fedexCILStaging.FedExCILOrderCreation@7fd7a283]" started-at="2022-06-16T09:46:19Z" name="SendEmail" finished-at="2022-06-16T09:46:20Z" duration-ms="638" status="PASS">
          <reporter-output>
          </reporter-output>
        </test-method> <!-- SendEmail -->
      </class> <!-- fedexCILStaging.FedExCILOrderCreation -->
    </test> <!-- FedExCILOrderCreation -->
  </suite> <!-- FedExCILSuite -->
</testng-results>
