<?xml version="1.0" encoding="UTF-8"?>
<testng-results total="1" passed="1" failed="0" skipped="0">
  <reporter-output>
  </reporter-output>
  <suite started-at="2022-06-16T04:20:47Z" name="FedExCILSuite" finished-at="2022-06-16T04:21:53Z" duration-ms="65857">
    <groups>
    </groups>
    <test started-at="2022-06-16T04:20:47Z" name="FedExCILOrderCreation" finished-at="2022-06-16T04:21:53Z" duration-ms="65857">
      <class name="fedexCILStaging.FedExCILOrderCreation">
        <test-method is-config="true" signature="login()[pri:0, instance:fedexCILStaging.FedExCILOrderCreation@7fd7a283]" started-at="2022-06-16T09:50:47Z" name="login" finished-at="2022-06-16T09:51:00Z" duration-ms="13694" status="PASS">
          <reporter-output>
          </reporter-output>
        </test-method> <!-- login -->
        <test-method signature="fedEXCILOrder()[pri:0, instance:fedexCILStaging.FedExCILOrderCreation@7fd7a283]" started-at="2022-06-16T09:51:00Z" name="fedEXCILOrder" finished-at="2022-06-16T09:51:53Z" duration-ms="52112" status="PASS">
          <reporter-output>
          </reporter-output>
        </test-method> <!-- fedEXCILOrder -->
        <test-method is-config="true" signature="Complete()[pri:0, instance:fedexCILStaging.FedExCILOrderCreation@7fd7a283]" started-at="2022-06-16T09:51:53Z" name="Complete" finished-at="2022-06-16T09:51:53Z" duration-ms="33" status="PASS">
          <reporter-output>
          </reporter-output>
        </test-method> <!-- Complete -->
        <test-method is-config="true" signature="SendEmail()[pri:0, instance:fedexCILStaging.FedExCILOrderCreation@7fd7a283]" started-at="2022-06-16T09:51:53Z" name="SendEmail" finished-at="2022-06-16T09:51:53Z" duration-ms="587" status="PASS">
          <reporter-output>
          </reporter-output>
        </test-method> <!-- SendEmail -->
      </class> <!-- fedexCILStaging.FedExCILOrderCreation -->
    </test> <!-- FedExCILOrderCreation -->
  </suite> <!-- FedExCILSuite -->
</testng-results>
